0 info it worked if it ends with ok
1 verbose cli [ 'node', '/usr/local/bin/npm', 'install', 'datatables' ]
2 info using npm@1.3.11
3 info using node@v0.10.21
4 warn package.json Test@0.0.1 No repository field.
5 warn package.json Test@0.0.1 No README data
6 warn package.json hash@0.2.0 No repository field.
7 warn package.json pwd@0.0.2 No repository field.
8 verbose readDependencies using package.json deps
9 verbose cache add [ 'datatables', null ]
10 verbose cache add name=undefined spec="datatables" args=["datatables",null]
11 verbose parsed url { protocol: null,
11 verbose parsed url   slashes: null,
11 verbose parsed url   auth: null,
11 verbose parsed url   host: null,
11 verbose parsed url   port: null,
11 verbose parsed url   hostname: null,
11 verbose parsed url   hash: null,
11 verbose parsed url   search: null,
11 verbose parsed url   query: null,
11 verbose parsed url   pathname: 'datatables',
11 verbose parsed url   path: 'datatables',
11 verbose parsed url   href: 'datatables' }
12 silly lockFile 69bc8529-datatables datatables
13 verbose lock datatables /Users/Crippled.Josh/.npm/69bc8529-datatables.lock
14 silly lockFile 69bc8529-datatables datatables
15 silly lockFile 69bc8529-datatables datatables
16 verbose addNamed [ 'datatables', '' ]
17 verbose addNamed [ null, '*' ]
18 silly lockFile 5154379d-datatables datatables@
19 verbose lock datatables@ /Users/Crippled.Josh/.npm/5154379d-datatables.lock
20 silly addNameRange { name: 'datatables', range: '*', hasData: false }
21 verbose url raw datatables
22 verbose url resolving [ 'https://registry.npmjs.org/', './datatables' ]
23 verbose url resolved https://registry.npmjs.org/datatables
24 info trying registry request attempt 1 at 20:07:34
25 http GET https://registry.npmjs.org/datatables
26 http 404 https://registry.npmjs.org/datatables
27 silly registry.get cb [ 404,
27 silly registry.get   { server: 'CouchDB/1.5.0 (Erlang OTP/R15B03)',
27 silly registry.get     date: 'Wed, 04 Dec 2013 20:07:36 GMT',
27 silly registry.get     'content-type': 'application/json',
27 silly registry.get     'content-length': '52',
27 silly registry.get     'cache-control': 'must-revalidate' } ]
28 silly lockFile 5154379d-datatables datatables@
29 silly lockFile 5154379d-datatables datatables@
30 error 404 'datatables' is not in the npm registry.
30 error 404 You should bug the author to publish it
30 error 404
30 error 404 Note that you can also install from a
30 error 404 tarball, folder, or http url, or git url.
31 error System Darwin 13.0.2
32 error command "node" "/usr/local/bin/npm" "install" "datatables"
33 error cwd /Users/Crippled.Josh/Coding/Dissertation/code/node
34 error node -v v0.10.21
35 error npm -v 1.3.11
36 error code E404
37 verbose exit [ 1, true ]
