Potential duplicate
===================
kytoon, kytoon
1University of glasgow
YYZZYYZZ
==========
kytoon, kytoon
1University of glasgow
YYZZYYZZ

Potential duplicate
===================
laparocystectomy, laparocystectomy
University of glasgow
ZZZYZZYY
==========
laparocystectomy, laparocystectomy
University of glasgow
ZZZYZZYY

Potential duplicate
===================
lapsibility, lapsibility
University of glasgow
YYZYZZYZ
==========
lapsibility, lapsibility
University of glasgow
YYZYZZYZ

Potential duplicate
===================
larry, larry
University of glasgow
YYZYZZYY
==========
larry, larry
University of glasgow
YYZYZZYY

Potential duplicate
===================
Lapides, Lapides
1University of glasgow
ZZZYYYYZ
==========
Lapides, Lapides
1University of glasgow
ZZZYYYYZ

Potential duplicate
===================
lalaqui, lalaqui
2University of glasgow
YZZYYZYZ
==========
lalaqui, lalaqui
2University of glasgow
YZZYYZYZ

Potential duplicate
===================
lead-up, lead-up
University of glasgow
YYZZZZZZ
==========
lead-up, lead-up
University of glasgow
YYZZZZZZ

Potential duplicate
===================
Khabarovo, Khabarovo
University of glasgow
YYYYYZYY
==========
Khabarovo, Khabarovo
University of glasgow
YYYYYZYY

Potential duplicate
===================
Knightia, Knightia
University of glasgow
ZYYZYZZZ
==========
Knightia, Knightia
University of glasgow
ZYYZYZZZ

Potential duplicate
===================
knife-stripped, knife-stripped
1University of glasgow
ZYYZZYYY
==========
knife-stripped, knife-stripped
1University of glasgow
ZYYZZYYY

Potential duplicate
===================
Koran, Koran
University of glasgow
ZYZZZZYY
==========
Koran, Koran
University of glasgow
ZYZZZZYY

